#
# A fatal error has been detected by the Java Runtime Environment:
#
#  EXCEPTION_ACCESS_VIOLATION (0xc0000005) at pc=0x0000022568b73e6f, pid=15800, tid=17884
#
# JRE version: OpenJDK Runtime Environment (11.0.10) (build 11.0.10+0-b96-7249189)
# Java VM: OpenJDK 64-Bit Server VM (11.0.10+0-b96-7249189, mixed mode, tiered, compressed oops, g1 gc, windows-amd64)
# Problematic frame:
# J 3047 c2 java.util.LinkedHashMap$LinkedValueIterator.next()Ljava/lang/Object; java.base@11.0.10 (8 bytes) @ 0x0000022568b73e6f [0x0000022568b73da0+0x00000000000000cf]
#
# No core dump will be written. Minidumps are not enabled by default on client versions of Windows
#
# If you would like to submit a bug report, please visit:
#   https://bugreport.java.com/bugreport/crash.jsp
#

---------------  S U M M A R Y ------------

Command Line: -Xmx1536m -Dfile.encoding=GBK -Duser.country=CN -Duser.language=zh -Duser.variant org.gradle.launcher.daemon.bootstrap.GradleDaemon 4.8

Host: Intel(R) Core(TM) i5-8250U CPU @ 1.60GHz, 8 cores, 7G,  Windows 10 , 64 bit Build 18362 (10.0.18362.1500)
Time: Tue Dec  7 23:47:49 2021 ?D1¨²¡À¨º¡Á?¨º¡À?? elapsed time: 240.058361 seconds (0d 0h 4m 0s)

---------------  T H R E A D  ---------------

Current thread (0x00000225787e6800):  JavaThread "Task worker for ':'" [_thread_in_Java, id=17884, stack(0x0000003c6f200000,0x0000003c6f300000)]

Stack: [0x0000003c6f200000,0x0000003c6f300000],  sp=0x0000003c6f2fcb80,  free space=1010k
Native frames: (J=compiled Java code, j=interpreted, Vv=VM code, C=native code)
C  0x0000022568b73e6f


siginfo: EXCEPTION_ACCESS_VIOLATION (0xc0000005), reading address 0x00000000242fd8a0


Register to memory mapping:

RIP=0x0000022568b73e6f is at entry_point+207 in (nmethod*)0x0000022568b73c10
RAX={method} {0x0000022577bc8f40} 'next' '()Ljava/lang/Object;' in 'java/util/LinkedHashMap$LinkedValueIterator'
RBX=0x00000000a7cc5950 is an oop: java.util.LinkedHashMap$LinkedValueIterator 
{0x00000000a7cc5950} - klass: 'java/util/LinkedHashMap$LinkedValueIterator'
RCX=0x000002257058e62c points into unknown readable memory: 20 20 20 20
RDX=0x00000000a7cc5950 is an oop: java.util.LinkedHashMap$LinkedValueIterator 
{0x00000000a7cc5950} - klass: 'java/util/LinkedHashMap$LinkedValueIterator'
RSP=0x0000003c6f2fcb80 is pointing into the stack for thread: 0x00000225787e6800
RBP=0x0000000000000012 is an unknown value
RSI=0x00000225004f2238 is pointing into metadata
RDI=0x00000000000020c7 is an unknown value
R8 =0x0 is NULL
R9 =0x00000000a7cc5a38 is an oop: com.sun.org.apache.xerces.internal.dom.ElementImpl 
{0x00000000a7cc5a38} - klass: 'com/sun/org/apache/xerces/internal/dom/ElementImpl'
R10=0x000000000000083e is an unknown value
R11=0x000000000053e62c is an unknown value
R12=0x0 is NULL
R13=0x00000000242fd880 is an unknown value
R14=0x0000000100141690 is pointing into metadata
R15=0x00000225787e6800 is a thread


Registers:
RAX=0x0000022577bc8f38, RBX=0x00000000a7cc5950, RCX=0x000002257058e62c, RDX=0x00000000a7cc5950
RSP=0x0000003c6f2fcb80, RBP=0x0000000000000012, RSI=0x00000225004f2238, RDI=0x00000000000020c7
R8 =0x0000000000000000, R9 =0x00000000a7cc5a38, R10=0x000000000000083e, R11=0x000000000053e62c
R12=0x0000000000000000, R13=0x00000000242fd880, R14=0x0000000100141690, R15=0x00000225787e6800
RIP=0x0000022568b73e6f, EFLAGS=0x0000000000010246

Top of Stack: (sp=0x0000003c6f2fcb80)
0x0000003c6f2fcb80:   0000003c6f2fcc30 00000225623dfec4
0x0000003c6f2fcb90:   ffffffffffffffff 00000225003e2d80
0x0000003c6f2fcba0:   00000000a7c012b8 00000000a7cc5a38
0x0000003c6f2fcbb0:   000000000000205a 0000022560f29e40
0x0000003c6f2fcbc0:   0000003c6f2fcc30 0000022560f29f16
0x0000003c6f2fcbd0:   0000022560f29f16 0000022560f29f16
0x0000003c6f2fcbe0:   00000000a7cc5950 0000003c6f2fcbe8
0x0000003c6f2fcbf0:   000002257fdd8828 0000003c6f2fccb0
0x0000003c6f2fcc00:   00000225003f9968 0000000000000000
0x0000003c6f2fcc10:   00000000a3ae5630 000002257fdd89a0
0x0000003c6f2fcc20:   0000003c6f2fcbe0 0000003c6f2fcc90
0x0000003c6f2fcc30:   0000003c6f2fcd00 0000022560f2a0c3
0x0000003c6f2fcc40:   00000000a7cc5a38 00000000a42fd9b0
0x0000003c6f2fcc50:   00000000a7cc5950 00000000a7cc5970
0x0000003c6f2fcc60:   00000000a42f5670 00000000a7c1a9d0
0x0000003c6f2fcc70:   00000000a7c1a9a8 00000000a7c1a860 

Instructions: (pc=0x0000022568b73e6f)
0x0000022568b73d6f:   00 00 00 00 00 00 00 00 00 df 01 00 00 ff ff ff
0x0000022568b73d7f:   ff ff ff ff ff 00 00 00 00 0b 60 4e b1 a2 64 14
0x0000022568b73d8f:   64 0c 64 05 00 00 64 0f 64 00 00 00 00 00 00 00
0x0000022568b73d9f:   00 44 8b 52 08 49 c1 e2 03 49 3b c2 0f 85 cf 1d
0x0000022568b73daf:   3d f8 66 66 90 0f 1f 84 00 00 00 00 00 66 66 66
0x0000022568b73dbf:   90 89 84 24 00 90 ff ff 55 48 83 ec 40 48 8b da
0x0000022568b73dcf:   44 8b 52 18 45 8b 5a 18 44 8b 6a 10 8b 6a 0c 44
0x0000022568b73ddf:   3b dd 0f 85 9e 01 00 00 45 85 ed 0f 84 b0 01 00
0x0000022568b73def:   00 41 80 7f 30 00 0f 85 02 01 00 00 44 89 6b 14
0x0000022568b73dff:   4d 8b d5 4c 8b db 4d 33 d3 49 c1 ea 14 4d 85 d2
0x0000022568b73e0f:   74 53 49 c1 eb 09 48 b9 00 00 05 70 25 02 00 00
0x0000022568b73e1f:   49 03 cb 80 39 20 74 3d 4d 8b 57 70 4d 8b 9f 80
0x0000022568b73e2f:   00 00 00 f0 83 44 24 c0 00 80 39 00 74 27 44 88
0x0000022568b73e3f:   21 4d 85 d2 75 12 49 8b d7 49 ba d0 f7 41 96 fa
0x0000022568b73e4f:   7f 00 00 41 ff d2 eb 0d 4b 89 4c 13 f8 49 83 c2
0x0000022568b73e5f:   f8 4d 89 57 70 41 80 7f 30 00 0f 85 bd 00 00 00
0x0000022568b73e6f:   45 8b 5d 20 44 89 5b 10 4c 8b d3 4d 8b c3 4d 33
0x0000022568b73e7f:   c2 49 c1 e8 14 4d 85 c0 74 5d 45 85 db 74 58 49
0x0000022568b73e8f:   c1 ea 09 49 b8 00 00 05 70 25 02 00 00 4d 03 c2
0x0000022568b73e9f:   41 80 38 20 74 41 4d 8b 57 70 4d 8b 9f 80 00 00
0x0000022568b73eaf:   00 f0 83 44 24 c0 00 41 80 38 00 74 2a 45 88 20
0x0000022568b73ebf:   4d 85 d2 75 15 49 8b c8 49 8b d7 49 ba d0 f7 41
0x0000022568b73ecf:   96 fa 7f 00 00 41 ff d2 eb 0d 4f 89 44 13 f8 49
0x0000022568b73edf:   83 c2 f8 4d 89 57 70 45 8b 55 14 49 8b c2 48 83
0x0000022568b73eef:   c4 40 5d 4d 8b 97 08 01 00 00 41 85 02 c3 44 8b
0x0000022568b73eff:   5a 14 45 85 db 0f 84 f1 fe ff ff 4d 8b 57 38 49
0x0000022568b73f0f:   8b cb 4d 85 d2 74 5a 4d 8b 5f 48 4b 89 4c 13 f8
0x0000022568b73f1f:   49 83 c2 f8 4d 89 57 38 e9 cf fe ff ff 44 8b 53
0x0000022568b73f2f:   10 45 85 d2 0f 84 36 ff ff ff 4d 8b 5f 38 49 8b
0x0000022568b73f3f:   ca 4d 85 db 74 16 4d 8b 57 48 4b 89 4c 1a f8 49
0x0000022568b73f4f:   83 c3 f8 4d 89 5f 38 e9 14 ff ff ff 49 8b d7 49
0x0000022568b73f5f:   ba f0 f7 41 96 fa 7f 00 00 41 ff d2 e9 ff fe ff 


Stack slot to memory mapping:
stack at sp + 0 slots: 0x0000003c6f2fcc30 is pointing into the stack for thread: 0x00000225787e6800
stack at sp + 1 slots: 0x00000225623dfec4 is at entry_point+260 in (nmethod*)0x00000225623dfc10
stack at sp + 2 slots: 0xffffffffffffffff is an unknown value
stack at sp + 3 slots: {method} {0x00000225003e2d88} 'isRemoved' '()Z' in 'com/android/ide/common/resources/DataItem'
stack at sp + 4 slots: 0x00000000a7c012b8 is an oop: com.sun.org.apache.xerces.internal.dom.DocumentImpl 
{0x00000000a7c012b8} - klass: 'com/sun/org/apache/xerces/internal/dom/DocumentImpl'
stack at sp + 5 slots: 0x00000000a7cc5a38 is an oop: com.sun.org.apache.xerces.internal.dom.ElementImpl 
{0x00000000a7cc5a38} - klass: 'com/sun/org/apache/xerces/internal/dom/ElementImpl'
stack at sp + 6 slots: 0x000000000000205a is an unknown value
stack at sp + 7 slots: 0x0000022560f29e40 is at code_begin+1664 in an Interpreter codelet
invoke return entry points  [0x0000022560f297c0, 0x0000022560f2a1a0]  2528 bytes



---------------  P R O C E S S  ---------------

Threads class SMR info:
_java_thread_list=0x000002257b367e00, length=45, elements={
0x000002255d43c000, 0x00000225765a2000, 0x00000225765ab000, 0x0000022576e35800,
0x0000022576e36800, 0x0000022576e38000, 0x0000022576e3c000, 0x0000022576e3d800,
0x0000022576e4b800, 0x0000022576f9f000, 0x000002257712b800, 0x0000022578d1f800,
0x00000225787e3000, 0x00000225787e5000, 0x0000022578f1d000, 0x0000022578f21000,
0x0000022578f1c800, 0x0000022578f17800, 0x0000022578f1e000, 0x0000022578f18000,
0x0000022578f1b800, 0x0000022578f1a000, 0x0000022578f19000, 0x0000022578f1f800,
0x0000022578f20800, 0x0000022578f1a800, 0x0000022578f22000, 0x0000022578f23000,
0x0000022578f23800, 0x0000022578f24800, 0x0000022578f25800, 0x0000022578f26000,
0x00000225787e4000, 0x0000022578e97800, 0x00000225787e1800, 0x00000225787e2800,
0x00000225787e5800, 0x00000225787e6800, 0x00000225787e7800, 0x0000022578d5a000,
0x0000022578d5e000, 0x0000022578d5b800, 0x0000022578d58800, 0x0000022578d5a800,
0x000002257d82a000
}

Java Threads: ( => current thread )
  0x000002255d43c000 JavaThread "main" [_thread_blocked, id=17472, stack(0x0000003c6c000000,0x0000003c6c100000)]
  0x00000225765a2000 JavaThread "Reference Handler" daemon [_thread_blocked, id=5804, stack(0x0000003c6c700000,0x0000003c6c800000)]
  0x00000225765ab000 JavaThread "Finalizer" daemon [_thread_blocked, id=13840, stack(0x0000003c6c800000,0x0000003c6c900000)]
  0x0000022576e35800 JavaThread "Signal Dispatcher" daemon [_thread_blocked, id=15336, stack(0x0000003c6c900000,0x0000003c6ca00000)]
  0x0000022576e36800 JavaThread "Attach Listener" daemon [_thread_blocked, id=18208, stack(0x0000003c6ca00000,0x0000003c6cb00000)]
  0x0000022576e38000 JavaThread "Service Thread" daemon [_thread_blocked, id=8916, stack(0x0000003c6cb00000,0x0000003c6cc00000)]
  0x0000022576e3c000 JavaThread "C2 CompilerThread0" daemon [_thread_blocked, id=14012, stack(0x0000003c6cc00000,0x0000003c6cd00000)]
  0x0000022576e3d800 JavaThread "C1 CompilerThread0" daemon [_thread_blocked, id=7708, stack(0x0000003c6cd00000,0x0000003c6ce00000)]
  0x0000022576e4b800 JavaThread "Sweeper thread" daemon [_thread_blocked, id=17352, stack(0x0000003c6ce00000,0x0000003c6cf00000)]
  0x0000022576f9f000 JavaThread "Common-Cleaner" daemon [_thread_blocked, id=9596, stack(0x0000003c6d000000,0x0000003c6d100000)]
  0x000002257712b800 JavaThread "Incoming local TCP Connector on port 1149" [_thread_in_native, id=17752, stack(0x0000003c6d100000,0x0000003c6d200000)]
  0x0000022578d1f800 JavaThread "Daemon periodic checks" [_thread_blocked, id=14976, stack(0x0000003c6d400000,0x0000003c6d500000)]
  0x00000225787e3000 JavaThread "Cache worker for file hash cache (C:\Users\HL\.gradle\caches\4.8\fileHashes)" [_thread_blocked, id=16864, stack(0x0000003c6db00000,0x0000003c6dc00000)]
  0x00000225787e5000 JavaThread "File lock request listener" [_thread_in_native, id=17744, stack(0x0000003c6dc00000,0x0000003c6dd00000)]
  0x0000022578f1d000 JavaThread "Memory manager" [_thread_blocked, id=10936, stack(0x0000003c6ef00000,0x0000003c6f000000)]
  0x0000022578f21000 JavaThread "ForkJoinPool.commonPool-worker-3" daemon [_thread_blocked, id=17628, stack(0x0000003c6fa00000,0x0000003c6fb00000)]
  0x0000022578f1c800 JavaThread "pool-1-thread-1" [_thread_blocked, id=16748, stack(0x0000003c6de00000,0x0000003c6df00000)]
  0x0000022578f17800 JavaThread "Daemon Thread 2" [_thread_blocked, id=3272, stack(0x0000003c6bd00000,0x0000003c6be00000)]
  0x0000022578f1e000 JavaThread "Handler for socket connection from /127.0.0.1:1149 to /127.0.0.1:1374" [_thread_in_native, id=16580, stack(0x0000003c6be00000,0x0000003c6bf00000)]
  0x0000022578f18000 JavaThread "Cancel handler" [_thread_blocked, id=17860, stack(0x0000003c6bf00000,0x0000003c6c000000)]
  0x0000022578f1b800 JavaThread "Daemon worker Thread 2" [_thread_blocked, id=440, stack(0x0000003c6d500000,0x0000003c6d600000)]
  0x0000022578f1a000 JavaThread "Asynchronous log dispatcher for DefaultDaemonConnection: socket connection from /127.0.0.1:1149 to /127.0.0.1:1374" [_thread_blocked, id=11100, stack(0x0000003c6d800000,0x0000003c6d900000)]
  0x0000022578f19000 JavaThread "Stdin handler" [_thread_blocked, id=17240, stack(0x0000003c6d900000,0x0000003c6da00000)]
  0x0000022578f1f800 JavaThread "Cache worker for file hash cache (D:\Program\AndroidStudioProjects\test01\.gradle\4.8\fileHashes)" [_thread_blocked, id=12176, stack(0x0000003c6da00000,0x0000003c6db00000)]
  0x0000022578f20800 JavaThread "Cache worker for Artifact transforms cache (C:\Users\HL\.gradle\caches\transforms-1)" [_thread_blocked, id=14888, stack(0x0000003c6dd00000,0x0000003c6de00000)]
  0x0000022578f1a800 JavaThread "Build operations" [_thread_blocked, id=18072, stack(0x0000003c6df00000,0x0000003c6e000000)]
  0x0000022578f22000 JavaThread "Build operations Thread 2" [_thread_blocked, id=15320, stack(0x0000003c6e600000,0x0000003c6e700000)]
  0x0000022578f23000 JavaThread "Build operations Thread 3" [_thread_blocked, id=9652, stack(0x0000003c6e700000,0x0000003c6e800000)]
  0x0000022578f23800 JavaThread "Build operations Thread 4" [_thread_blocked, id=17124, stack(0x0000003c6e800000,0x0000003c6e900000)]
  0x0000022578f24800 JavaThread "Build operations Thread 5" [_thread_blocked, id=18080, stack(0x0000003c6e900000,0x0000003c6ea00000)]
  0x0000022578f25800 JavaThread "Build operations Thread 6" [_thread_blocked, id=17936, stack(0x0000003c6ea00000,0x0000003c6eb00000)]
  0x0000022578f26000 JavaThread "Build operations Thread 7" [_thread_blocked, id=17812, stack(0x0000003c6eb00000,0x0000003c6ec00000)]
  0x00000225787e4000 JavaThread "Build operations Thread 8" [_thread_blocked, id=2716, stack(0x0000003c6ec00000,0x0000003c6ed00000)]
  0x0000022578e97800 JavaThread "C2 CompilerThread1" daemon [_thread_blocked, id=7136, stack(0x0000003c6ed00000,0x0000003c6ee00000)]
  0x00000225787e1800 JavaThread "Cache worker for file content cache (D:\Program\AndroidStudioProjects\test01\.gradle\4.8\fileContent)" [_thread_blocked, id=17764, stack(0x0000003c6ee00000,0x0000003c6ef00000)]
  0x00000225787e2800 JavaThread "Cache worker for task history cache (D:\Program\AndroidStudioProjects\test01\.gradle\4.8\taskHistory)" [_thread_blocked, id=16844, stack(0x0000003c6f000000,0x0000003c6f100000)]
  0x00000225787e5800 JavaThread "Cache worker for Build Output Cleanup Cache (D:\Program\AndroidStudioProjects\test01\.gradle\buildOutputCleanup)" [_thread_blocked, id=17020, stack(0x0000003c6f100000,0x0000003c6f200000)]
=>0x00000225787e6800 JavaThread "Task worker for ':'" [_thread_in_Java, id=17884, stack(0x0000003c6f200000,0x0000003c6f300000)]
  0x00000225787e7800 JavaThread "Task worker for ':' Thread 2" [_thread_blocked, id=17532, stack(0x0000003c6f300000,0x0000003c6f400000)]
  0x0000022578d5a000 JavaThread "Task worker for ':' Thread 3" [_thread_blocked, id=14656, stack(0x0000003c6f400000,0x0000003c6f500000)]
  0x0000022578d5e000 JavaThread "Task worker for ':' Thread 4" [_thread_blocked, id=16092, stack(0x0000003c6f500000,0x0000003c6f600000)]
  0x0000022578d5b800 JavaThread "Task worker for ':' Thread 5" [_thread_blocked, id=12292, stack(0x0000003c6f600000,0x0000003c6f700000)]
  0x0000022578d58800 JavaThread "Task worker for ':' Thread 6" [_thread_blocked, id=17760, stack(0x0000003c6f700000,0x0000003c6f800000)]
  0x0000022578d5a800 JavaThread "Task worker for ':' Thread 7" [_thread_blocked, id=5884, stack(0x0000003c6f800000,0x0000003c6f900000)]
  0x000002257d82a000 JavaThread "C2 CompilerThread2" daemon [_thread_in_native, id=1708, stack(0x0000003c6f900000,0x0000003c6fa00000)]

Other Threads:
  0x000002257659c000 VMThread "VM Thread" [stack: 0x0000003c6c600000,0x0000003c6c700000] [id=14116]
  0x0000022576f9d800 WatcherThread [stack: 0x0000003c6cf00000,0x0000003c6d000000] [id=17088]
  0x000002255d453800 GCTaskThread "GC Thread#0" [stack: 0x0000003c6c100000,0x0000003c6c200000] [id=17900]
  0x00000225776e1000 GCTaskThread "GC Thread#1" [stack: 0x0000003c6d200000,0x0000003c6d300000] [id=16992]
  0x00000225775cf800 GCTaskThread "GC Thread#2" [stack: 0x0000003c6d300000,0x0000003c6d400000] [id=18228]
  0x00000225789f6000 GCTaskThread "GC Thread#3" [stack: 0x0000003c6e000000,0x0000003c6e100000] [id=1072]
  0x0000022578f16000 GCTaskThread "GC Thread#4" [stack: 0x0000003c6e100000,0x0000003c6e200000] [id=7952]
  0x0000022578ee0800 GCTaskThread "GC Thread#5" [stack: 0x0000003c6e200000,0x0000003c6e300000] [id=17648]
  0x0000022578ee1000 GCTaskThread "GC Thread#6" [stack: 0x0000003c6e300000,0x0000003c6e400000] [id=2064]
  0x00000225785d7000 GCTaskThread "GC Thread#7" [stack: 0x0000003c6e400000,0x0000003c6e500000] [id=17780]
  0x000002255d47a800 ConcurrentGCThread "G1 Main Marker" [stack: 0x0000003c6c200000,0x0000003c6c300000] [id=9184]
  0x000002255d47b800 ConcurrentGCThread "G1 Conc#0" [stack: 0x0000003c6c300000,0x0000003c6c400000] [id=15804]
  0x00000225777e5800 ConcurrentGCThread "G1 Conc#1" [stack: 0x0000003c6e500000,0x0000003c6e600000] [id=18372]
  0x00000225763e2800 ConcurrentGCThread "G1 Refine#0" [stack: 0x0000003c6c400000,0x0000003c6c500000] [id=5136]
  0x00000225763e3800 ConcurrentGCThread "G1 Young RemSet Sampling" [stack: 0x0000003c6c500000,0x0000003c6c600000] [id=16148]

Threads with active compile tasks:
C2 CompilerThread2 240148 9623 %     4       java.util.Properties::saveConvert @ 35 (434 bytes)

VM state:not at safepoint (normal execution)

VM Mutex/Monitor currently owned by a thread: None

Heap address: 0x00000000a0000000, size: 1536 MB, Compressed Oops mode: 32-bit
Narrow klass base: 0x0000000000000000, Narrow klass shift: 3
Compressed class space size: 1073741824 Address: 0x0000000100000000

Heap:
 garbage-first heap   total 129024K, used 75976K [0x00000000a0000000, 0x0000000100000000)
  region size 1024K, 6 young (6144K), 4 survivors (4096K)
 Metaspace       used 73709K, capacity 75507K, committed 75648K, reserved 1116160K
  class space    used 9225K, capacity 9783K, committed 9856K, reserved 1048576K
Heap Regions: E=young(eden), S=young(survivor), O=old, HS=humongous(starts), HC=humongous(continues), CS=collection set, F=free, A=archive, TAMS=top-at-mark-start (previous, next)
|   0|0x00000000a0000000, 0x00000000a0100000, 0x00000000a0100000|100%|HS|  |TAMS 0x00000000a0100000, 0x00000000a0000000| Complete 
|   1|0x00000000a0100000, 0x00000000a0200000, 0x00000000a0200000|100%|HC|  |TAMS 0x00000000a0200000, 0x00000000a0100000| Complete 
|   2|0x00000000a0200000, 0x00000000a0300000, 0x00000000a0300000|100%| O|  |TAMS 0x00000000a0300000, 0x00000000a0200000| Untracked 
|   3|0x00000000a0300000, 0x00000000a0400000, 0x00000000a0400000|100%| O|  |TAMS 0x00000000a0400000, 0x00000000a0300000| Untracked 
|   4|0x00000000a0400000, 0x00000000a0500000, 0x00000000a0500000|100%|HS|  |TAMS 0x00000000a0500000, 0x00000000a0400000| Complete 
|   5|0x00000000a0500000, 0x00000000a0600000, 0x00000000a0600000|100%|HC|  |TAMS 0x00000000a0600000, 0x00000000a0500000| Complete 
|   6|0x00000000a0600000, 0x00000000a0700000, 0x00000000a0700000|100%|HS|  |TAMS 0x00000000a0700000, 0x00000000a0600000| Complete 
|   7|0x00000000a0700000, 0x00000000a0800000, 0x00000000a0800000|100%|HC|  |TAMS 0x00000000a0800000, 0x00000000a0700000| Complete 
|   8|0x00000000a0800000, 0x00000000a0900000, 0x00000000a0900000|100%|HC|  |TAMS 0x00000000a0900000, 0x00000000a0800000| Complete 
|   9|0x00000000a0900000, 0x00000000a0a00000, 0x00000000a0a00000|100%|HS|  |TAMS 0x00000000a0a00000, 0x00000000a0900000| Complete 
|  10|0x00000000a0a00000, 0x00000000a0b00000, 0x00000000a0b00000|100%|HC|  |TAMS 0x00000000a0b00000, 0x00000000a0a00000| Complete 
|  11|0x00000000a0b00000, 0x00000000a0c00000, 0x00000000a0c00000|100%|HC|  |TAMS 0x00000000a0c00000, 0x00000000a0b00000| Complete 
|  12|0x00000000a0c00000, 0x00000000a0d00000, 0x00000000a0d00000|100%|HC|  |TAMS 0x00000000a0d00000, 0x00000000a0c00000| Complete 
|  13|0x00000000a0d00000, 0x00000000a0e00000, 0x00000000a0e00000|100%|HC|  |TAMS 0x00000000a0e00000, 0x00000000a0d00000| Complete 
|  14|0x00000000a0e00000, 0x00000000a0f00000, 0x00000000a0f00000|100%| O|  |TAMS 0x00000000a0f00000, 0x00000000a0e00000| Untracked 
|  15|0x00000000a0f00000, 0x00000000a1000000, 0x00000000a1000000|100%| O|  |TAMS 0x00000000a1000000, 0x00000000a0f00000| Complete 
|  16|0x00000000a1000000, 0x00000000a1100000, 0x00000000a1100000|100%| O|  |TAMS 0x00000000a1100000, 0x00000000a1000000| Untracked 
|  17|0x00000000a1100000, 0x00000000a1200000, 0x00000000a1200000|100%| O|  |TAMS 0x00000000a1200000, 0x00000000a1100000| Untracked 
|  18|0x00000000a1200000, 0x00000000a1300000, 0x00000000a1300000|100%| O|  |TAMS 0x00000000a1300000, 0x00000000a1200000| Untracked 
|  19|0x00000000a1300000, 0x00000000a1400000, 0x00000000a1400000|100%| O|  |TAMS 0x00000000a1400000, 0x00000000a1300000| Untracked 
|  20|0x00000000a1400000, 0x00000000a1500000, 0x00000000a1500000|100%| O|  |TAMS 0x00000000a1500000, 0x00000000a1400000| Untracked 
|  21|0x00000000a1500000, 0x00000000a1600000, 0x00000000a1600000|100%| O|  |TAMS 0x00000000a1600000, 0x00000000a1500000| Untracked 
|  22|0x00000000a1600000, 0x00000000a1700000, 0x00000000a1700000|100%| O|  |TAMS 0x00000000a1700000, 0x00000000a1600000| Untracked 
|  23|0x00000000a1700000, 0x00000000a1800000, 0x00000000a1800000|100%| O|  |TAMS 0x00000000a1800000, 0x00000000a1700000| Untracked 
|  24|0x00000000a1800000, 0x00000000a1900000, 0x00000000a1900000|100%| O|  |TAMS 0x00000000a1900000, 0x00000000a1800000| Untracked 
|  25|0x00000000a1900000, 0x00000000a1a00000, 0x00000000a1a00000|100%| O|  |TAMS 0x00000000a1a00000, 0x00000000a1900000| Untracked 
|  26|0x00000000a1a00000, 0x00000000a1b00000, 0x00000000a1b00000|100%| O|  |TAMS 0x00000000a1b00000, 0x00000000a1a00000| Untracked 
|  27|0x00000000a1b00000, 0x00000000a1c00000, 0x00000000a1c00000|100%| O|  |TAMS 0x00000000a1c00000, 0x00000000a1b00000| Complete 
|  28|0x00000000a1c00000, 0x00000000a1d00000, 0x00000000a1d00000|100%| O|  |TAMS 0x00000000a1d00000, 0x00000000a1c00000| Complete 
|  29|0x00000000a1d00000, 0x00000000a1e00000, 0x00000000a1e00000|100%|HS|  |TAMS 0x00000000a1e00000, 0x00000000a1d00000| Complete 
|  30|0x00000000a1e00000, 0x00000000a1f00000, 0x00000000a1f00000|100%|HC|  |TAMS 0x00000000a1f00000, 0x00000000a1e00000| Complete 
|  31|0x00000000a1f00000, 0x00000000a2000000, 0x00000000a2000000|100%|HS|  |TAMS 0x00000000a2000000, 0x00000000a1f00000| Complete 
|  32|0x00000000a2000000, 0x00000000a2100000, 0x00000000a2100000|100%|HC|  |TAMS 0x00000000a2100000, 0x00000000a2000000| Complete 
|  33|0x00000000a2100000, 0x00000000a2200000, 0x00000000a2200000|100%| O|  |TAMS 0x00000000a2200000, 0x00000000a2100000| Complete 
|  34|0x00000000a2200000, 0x00000000a2300000, 0x00000000a2300000|100%| O|  |TAMS 0x00000000a2300000, 0x00000000a2200000| Untracked 
|  35|0x00000000a2300000, 0x00000000a2400000, 0x00000000a2400000|100%| O|  |TAMS 0x00000000a2400000, 0x00000000a2300000| Untracked 
|  36|0x00000000a2400000, 0x00000000a2500000, 0x00000000a2500000|100%| O|  |TAMS 0x00000000a2500000, 0x00000000a2400000| Untracked 
|  37|0x00000000a2500000, 0x00000000a2600000, 0x00000000a2600000|100%| O|  |TAMS 0x00000000a2600000, 0x00000000a2500000| Untracked 
|  38|0x00000000a2600000, 0x00000000a2700000, 0x00000000a2700000|100%| O|  |TAMS 0x00000000a2700000, 0x00000000a2600000| Untracked 
|  39|0x00000000a2700000, 0x00000000a2800000, 0x00000000a2800000|100%| O|  |TAMS 0x00000000a2800000, 0x00000000a2700000| Untracked 
|  40|0x00000000a2800000, 0x00000000a2900000, 0x00000000a2900000|100%| O|  |TAMS 0x00000000a2900000, 0x00000000a2800000| Untracked 
|  41|0x00000000a2900000, 0x00000000a2a00000, 0x00000000a2a00000|100%| O|  |TAMS 0x00000000a2a00000, 0x00000000a2900000| Untracked 
|  42|0x00000000a2a00000, 0x00000000a2b00000, 0x00000000a2b00000|100%| O|  |TAMS 0x00000000a2b00000, 0x00000000a2a00000| Untracked 
|  43|0x00000000a2b00000, 0x00000000a2c00000, 0x00000000a2c00000|100%| O|  |TAMS 0x00000000a2c00000, 0x00000000a2b00000| Untracked 
|  44|0x00000000a2c00000, 0x00000000a2d00000, 0x00000000a2d00000|100%| O|  |TAMS 0x00000000a2d00000, 0x00000000a2c00000| Untracked 
|  45|0x00000000a2d00000, 0x00000000a2e00000, 0x00000000a2e00000|100%| O|  |TAMS 0x00000000a2e00000, 0x00000000a2d00000| Untracked 
|  46|0x00000000a2e00000, 0x00000000a2f00000, 0x00000000a2f00000|100%| O|  |TAMS 0x00000000a2f00000, 0x00000000a2e00000| Untracked 
|  47|0x00000000a2f00000, 0x00000000a3000000, 0x00000000a3000000|100%| O|  |TAMS 0x00000000a3000000, 0x00000000a2f00000| Complete 
|  48|0x00000000a3000000, 0x00000000a3100000, 0x00000000a3100000|100%| O|  |TAMS 0x00000000a3100000, 0x00000000a3000000| Untracked 
|  49|0x00000000a3100000, 0x00000000a3200000, 0x00000000a3200000|100%| O|  |TAMS 0x00000000a3200000, 0x00000000a3100000| Untracked 
|  50|0x00000000a3200000, 0x00000000a3300000, 0x00000000a3300000|100%| O|  |TAMS 0x00000000a3300000, 0x00000000a3200000| Complete 
|  51|0x00000000a3300000, 0x00000000a3400000, 0x00000000a3400000|100%| O|  |TAMS 0x00000000a3400000, 0x00000000a3300000| Complete 
|  52|0x00000000a3400000, 0x00000000a3500000, 0x00000000a3500000|100%| O|  |TAMS 0x00000000a3400000, 0x00000000a3400000| Untracked 
|  53|0x00000000a3500000, 0x00000000a3600000, 0x00000000a3600000|100%| O|  |TAMS 0x00000000a3600000, 0x00000000a3500000| Complete 
|  54|0x00000000a3600000, 0x00000000a3700000, 0x00000000a3700000|100%| O|  |TAMS 0x00000000a3700000, 0x00000000a3600000| Complete 
|  55|0x00000000a3700000, 0x00000000a3800000, 0x00000000a3800000|100%| O|  |TAMS 0x00000000a3800000, 0x00000000a3700000| Untracked 
|  56|0x00000000a3800000, 0x00000000a3900000, 0x00000000a3900000|100%| O|  |TAMS 0x00000000a3900000, 0x00000000a3800000| Complete 
|  57|0x00000000a3900000, 0x00000000a3a00000, 0x00000000a3a00000|100%| O|  |TAMS 0x00000000a3a00000, 0x00000000a3900000| Complete 
|  58|0x00000000a3a00000, 0x00000000a3b00000, 0x00000000a3b00000|100%| O|  |TAMS 0x00000000a3b00000, 0x00000000a3a00000| Complete 
|  59|0x00000000a3b00000, 0x00000000a3c00000, 0x00000000a3c00000|100%| O|  |TAMS 0x00000000a3c00000, 0x00000000a3b00000| Complete 
|  60|0x00000000a3c00000, 0x00000000a3d00000, 0x00000000a3d00000|100%| O|  |TAMS 0x00000000a3d00000, 0x00000000a3c00000| Complete 
|  61|0x00000000a3d00000, 0x00000000a3e00000, 0x00000000a3e00000|100%| O|  |TAMS 0x00000000a3e00000, 0x00000000a3d00000| Complete 
|  62|0x00000000a3e00000, 0x00000000a3f00000, 0x00000000a3f00000|100%| O|  |TAMS 0x00000000a3f00000, 0x00000000a3e00000| Complete 
|  63|0x00000000a3f00000, 0x00000000a4000000, 0x00000000a4000000|100%| O|  |TAMS 0x00000000a4000000, 0x00000000a3f00000| Complete 
|  64|0x00000000a4000000, 0x00000000a4100000, 0x00000000a4100000|100%| O|  |TAMS 0x00000000a402ca00, 0x00000000a4000000| Untracked 
|  65|0x00000000a4100000, 0x00000000a4200000, 0x00000000a4200000|100%| O|  |TAMS 0x00000000a4100000, 0x00000000a4100000| Untracked 
|  66|0x00000000a4200000, 0x00000000a4300000, 0x00000000a4300000|100%| O|  |TAMS 0x00000000a4200000, 0x00000000a4200000| Untracked 
|  67|0x00000000a4300000, 0x00000000a4400000, 0x00000000a4400000|100%| O|  |TAMS 0x00000000a4300000, 0x00000000a4300000| Untracked 
|  68|0x00000000a4400000, 0x00000000a4432000, 0x00000000a4500000| 19%| O|  |TAMS 0x00000000a4400000, 0x00000000a4400000| Untracked 
|  69|0x00000000a4500000, 0x00000000a4500000, 0x00000000a4600000|  0%| F|  |TAMS 0x00000000a4500000, 0x00000000a4500000| Untracked 
|  70|0x00000000a4600000, 0x00000000a4600000, 0x00000000a4700000|  0%| F|  |TAMS 0x00000000a4600000, 0x00000000a4600000| Untracked 
|  71|0x00000000a4700000, 0x00000000a4700000, 0x00000000a4800000|  0%| F|  |TAMS 0x00000000a4700000, 0x00000000a4700000| Untracked 
|  72|0x00000000a4800000, 0x00000000a4800000, 0x00000000a4900000|  0%| F|  |TAMS 0x00000000a4800000, 0x00000000a4800000| Untracked 
|  73|0x00000000a4900000, 0x00000000a4900000, 0x00000000a4a00000|  0%| F|  |TAMS 0x00000000a4900000, 0x00000000a4900000| Untracked 
|  74|0x00000000a4a00000, 0x00000000a4a00000, 0x00000000a4b00000|  0%| F|  |TAMS 0x00000000a4a00000, 0x00000000a4a00000| Untracked 
|  75|0x00000000a4b00000, 0x00000000a4b00000, 0x00000000a4c00000|  0%| F|  |TAMS 0x00000000a4b00000, 0x00000000a4b00000| Untracked 
|  76|0x00000000a4c00000, 0x00000000a4c00000, 0x00000000a4d00000|  0%| F|  |TAMS 0x00000000a4c00000, 0x00000000a4c00000| Untracked 
|  77|0x00000000a4d00000, 0x00000000a4d00000, 0x00000000a4e00000|  0%| F|  |TAMS 0x00000000a4d00000, 0x00000000a4d00000| Untracked 
|  78|0x00000000a4e00000, 0x00000000a4e00000, 0x00000000a4f00000|  0%| F|  |TAMS 0x00000000a4e00000, 0x00000000a4e00000| Untracked 
|  79|0x00000000a4f00000, 0x00000000a5000000, 0x00000000a5000000|100%| O|  |TAMS 0x00000000a5000000, 0x00000000a4f00000| Complete 
|  80|0x00000000a5000000, 0x00000000a5000000, 0x00000000a5100000|  0%| F|  |TAMS 0x00000000a5000000, 0x00000000a5000000| Untracked 
|  81|0x00000000a5100000, 0x00000000a5100000, 0x00000000a5200000|  0%| F|  |TAMS 0x00000000a5100000, 0x00000000a5100000| Untracked 
|  82|0x00000000a5200000, 0x00000000a5200000, 0x00000000a5300000|  0%| F|  |TAMS 0x00000000a5200000, 0x00000000a5200000| Untracked 
|  83|0x00000000a5300000, 0x00000000a5300000, 0x00000000a5400000|  0%| F|  |TAMS 0x00000000a5300000, 0x00000000a5300000| Untracked 
|  84|0x00000000a5400000, 0x00000000a5400000, 0x00000000a5500000|  0%| F|  |TAMS 0x00000000a5400000, 0x00000000a5400000| Untracked 
|  85|0x00000000a5500000, 0x00000000a5500000, 0x00000000a5600000|  0%| F|  |TAMS 0x00000000a5500000, 0x00000000a5500000| Untracked 
|  86|0x00000000a5600000, 0x00000000a5600000, 0x00000000a5700000|  0%| F|  |TAMS 0x00000000a5600000, 0x00000000a5600000| Untracked 
|  87|0x00000000a5700000, 0x00000000a5700000, 0x00000000a5800000|  0%| F|  |TAMS 0x00000000a5700000, 0x00000000a5700000| Untracked 
|  88|0x00000000a5800000, 0x00000000a5800000, 0x00000000a5900000|  0%| F|  |TAMS 0x00000000a5800000, 0x00000000a5800000| Untracked 
|  89|0x00000000a5900000, 0x00000000a5900000, 0x00000000a5a00000|  0%| F|  |TAMS 0x00000000a5900000, 0x00000000a5900000| Untracked 
|  90|0x00000000a5a00000, 0x00000000a5b00000, 0x00000000a5b00000|100%| S|CS|TAMS 0x00000000a5a00000, 0x00000000a5a00000| Complete 
|  91|0x00000000a5b00000, 0x00000000a5c00000, 0x00000000a5c00000|100%| S|CS|TAMS 0x00000000a5b00000, 0x00000000a5b00000| Complete 
|  92|0x00000000a5c00000, 0x00000000a5d00000, 0x00000000a5d00000|100%| S|CS|TAMS 0x00000000a5c00000, 0x00000000a5c00000| Complete 
|  93|0x00000000a5d00000, 0x00000000a5d00000, 0x00000000a5e00000|  0%| F|  |TAMS 0x00000000a5d00000, 0x00000000a5d00000| Untracked 
|  94|0x00000000a5e00000, 0x00000000a5e00000, 0x00000000a5f00000|  0%| F|  |TAMS 0x00000000a5e00000, 0x00000000a5e00000| Untracked 
|  95|0x00000000a5f00000, 0x00000000a5f00000, 0x00000000a6000000|  0%| F|  |TAMS 0x00000000a5f00000, 0x00000000a5f00000| Untracked 
|  96|0x00000000a6000000, 0x00000000a6000000, 0x00000000a6100000|  0%| F|  |TAMS 0x00000000a6000000, 0x00000000a6000000| Untracked 
|  97|0x00000000a6100000, 0x00000000a6200000, 0x00000000a6200000|100%| S|CS|TAMS 0x00000000a6100000, 0x00000000a6100000| Complete 
|  98|0x00000000a6200000, 0x00000000a6200000, 0x00000000a6300000|  0%| F|  |TAMS 0x00000000a6200000, 0x00000000a6200000| Untracked 
|  99|0x00000000a6300000, 0x00000000a6300000, 0x00000000a6400000|  0%| F|  |TAMS 0x00000000a6300000, 0x00000000a6300000| Untracked 
| 100|0x00000000a6400000, 0x00000000a6400000, 0x00000000a6500000|  0%| F|  |TAMS 0x00000000a6400000, 0x00000000a6400000| Untracked 
| 101|0x00000000a6500000, 0x00000000a6500000, 0x00000000a6600000|  0%| F|  |TAMS 0x00000000a6500000, 0x00000000a6500000| Untracked 
| 102|0x00000000a6600000, 0x00000000a6600000, 0x00000000a6700000|  0%| F|  |TAMS 0x00000000a6600000, 0x00000000a6600000| Untracked 
| 103|0x00000000a6700000, 0x00000000a6700000, 0x00000000a6800000|  0%| F|  |TAMS 0x00000000a6700000, 0x00000000a6700000| Untracked 
| 104|0x00000000a6800000, 0x00000000a6800000, 0x00000000a6900000|  0%| F|  |TAMS 0x00000000a6800000, 0x00000000a6800000| Untracked 
| 105|0x00000000a6900000, 0x00000000a6900000, 0x00000000a6a00000|  0%| F|  |TAMS 0x00000000a6900000, 0x00000000a6900000| Untracked 
| 106|0x00000000a6a00000, 0x00000000a6a00000, 0x00000000a6b00000|  0%| F|  |TAMS 0x00000000a6a00000, 0x00000000a6a00000| Untracked 
| 107|0x00000000a6b00000, 0x00000000a6b00000, 0x00000000a6c00000|  0%| F|  |TAMS 0x00000000a6b00000, 0x00000000a6b00000| Untracked 
| 108|0x00000000a6c00000, 0x00000000a6c00000, 0x00000000a6d00000|  0%| F|  |TAMS 0x00000000a6c00000, 0x00000000a6c00000| Untracked 
| 109|0x00000000a6d00000, 0x00000000a6d00000, 0x00000000a6e00000|  0%| F|  |TAMS 0x00000000a6d00000, 0x00000000a6d00000| Untracked 
| 110|0x00000000a6e00000, 0x00000000a6e00000, 0x00000000a6f00000|  0%| F|  |TAMS 0x00000000a6e00000, 0x00000000a6e00000| Untracked 
| 111|0x00000000a6f00000, 0x00000000a6f00000, 0x00000000a7000000|  0%| F|  |TAMS 0x00000000a6f00000, 0x00000000a6f00000| Untracked 
| 112|0x00000000a7000000, 0x00000000a7000000, 0x00000000a7100000|  0%| F|  |TAMS 0x00000000a7000000, 0x00000000a7000000| Untracked 
| 113|0x00000000a7100000, 0x00000000a7100000, 0x00000000a7200000|  0%| F|  |TAMS 0x00000000a7100000, 0x00000000a7100000| Untracked 
| 114|0x00000000a7200000, 0x00000000a7200000, 0x00000000a7300000|  0%| F|  |TAMS 0x00000000a7200000, 0x00000000a7200000| Untracked 
| 115|0x00000000a7300000, 0x00000000a7300000, 0x00000000a7400000|  0%| F|  |TAMS 0x00000000a7300000, 0x00000000a7300000| Untracked 
| 116|0x00000000a7400000, 0x00000000a7400000, 0x00000000a7500000|  0%| F|  |TAMS 0x00000000a7400000, 0x00000000a7400000| Untracked 
| 117|0x00000000a7500000, 0x00000000a7500000, 0x00000000a7600000|  0%| F|  |TAMS 0x00000000a7500000, 0x00000000a7500000| Untracked 
| 118|0x00000000a7600000, 0x00000000a7600000, 0x00000000a7700000|  0%| F|  |TAMS 0x00000000a7600000, 0x00000000a7600000| Untracked 
| 119|0x00000000a7700000, 0x00000000a7700000, 0x00000000a7800000|  0%| F|  |TAMS 0x00000000a7700000, 0x00000000a7700000| Untracked 
| 120|0x00000000a7800000, 0x00000000a7800000, 0x00000000a7900000|  0%| F|  |TAMS 0x00000000a7800000, 0x00000000a7800000| Untracked 
| 121|0x00000000a7900000, 0x00000000a7900000, 0x00000000a7a00000|  0%| F|  |TAMS 0x00000000a7900000, 0x00000000a7900000| Untracked 
| 122|0x00000000a7a00000, 0x00000000a7a00000, 0x00000000a7b00000|  0%| F|  |TAMS 0x00000000a7a00000, 0x00000000a7a00000| Untracked 
| 123|0x00000000a7b00000, 0x00000000a7b00000, 0x00000000a7c00000|  0%| F|  |TAMS 0x00000000a7b00000, 0x00000000a7b00000| Untracked 
| 124|0x00000000a7c00000, 0x00000000a7cc67d8, 0x00000000a7d00000| 77%| E|  |TAMS 0x00000000a7c00000, 0x00000000a7c00000| Complete 
| 125|0x00000000a7d00000, 0x00000000a7e00000, 0x00000000a7e00000|100%| E|CS|TAMS 0x00000000a7d00000, 0x00000000a7d00000| Complete 

Card table byte_map: [0x0000022570550000,0x0000022570850000] _byte_map_base: 0x0000022570050000

Marking Bits (Prev, Next): (CMBitMap*) 0x000002255d4736f8, (CMBitMap*) 0x000002255d473730
 Prev Bits: [0x0000022570b50000, 0x0000022572350000)
 Next Bits: [0x0000022572350000, 0x0000022573b50000)

Polling page: 0x000002255b260000

Metaspace:

Usage:
  Non-class:     64.18 MB capacity,    62.97 MB ( 98%) used,     1.05 MB (  2%) free+waste,   164.63 KB ( <1%) overhead. 
      Class:      9.55 MB capacity,     9.01 MB ( 94%) used,   482.33 KB (  5%) free+waste,    74.94 KB ( <1%) overhead. 
       Both:     73.74 MB capacity,    71.98 MB ( 98%) used,     1.52 MB (  2%) free+waste,   239.56 KB ( <1%) overhead. 

Virtual space:
  Non-class space:       66.00 MB reserved,      64.25 MB ( 97%) committed 
      Class space:        1.00 GB reserved,       9.63 MB ( <1%) committed 
             Both:        1.06 GB reserved,      73.88 MB (  7%) committed 

Chunk freelists:
   Non-Class:  4.00 KB
       Class:  0 bytes
        Both:  4.00 KB

MaxMetaspaceSize: 17179869184.00 GB
CompressedClassSpaceSize: 1.00 GB

CodeHeap 'non-profiled nmethods': size=120000Kb used=5549Kb max_used=5549Kb free=114450Kb
 bounds [0x00000225689f0000, 0x0000022568f60000, 0x000002256ff20000]
CodeHeap 'profiled nmethods': size=120000Kb used=20744Kb max_used=20744Kb free=99255Kb
 bounds [0x00000225614c0000, 0x0000022562910000, 0x00000225689f0000]
CodeHeap 'non-nmethods': size=5760Kb used=2275Kb max_used=2322Kb free=3484Kb
 bounds [0x0000022560f20000, 0x0000022561190000, 0x00000225614c0000]
 total_blobs=10447 nmethods=9573 adapters=784
 compilation: enabled
              stopped_count=0, restarted_count=0
 full_count=0

Compilation events (20 events):
Event: 239.999 Thread 0x0000022578e97800 nmethod 9621 0x0000022568f45690 code [0x0000022568f458c0, 0x0000022568f45dc0]
Event: 239.999 Thread 0x0000022578e97800 9540       4       sun.nio.cs.UTF_8$Decoder::decodeArrayLoop (691 bytes)
Event: 240.015 Thread 0x000002257d82a000 nmethod 9526 0x0000022568f46310 code [0x0000022568f465c0, 0x0000022568f489e0]
Event: 240.016 Thread 0x000002257d82a000 9617 %     4       sun.nio.cs.UTF_8$Encoder::encodeArrayLoop @ 73 (489 bytes)
Event: 240.020 Thread 0x0000022576e3d800 9622       2       sun.nio.cs.UTF_8$Encoder::encodeLoop (28 bytes)
Event: 240.020 Thread 0x0000022576e3d800 nmethod 9622 0x00000225628fee90 code [0x00000225628ff060, 0x00000225628ff218]
Event: 240.020 Thread 0x0000022576e3c000 nmethod 9475 0x0000022568f49b10 code [0x0000022568f49f40, 0x0000022568f4d8a8]
Event: 240.021 Thread 0x0000022576e3c000 9599       4       com.sun.org.apache.xerces.internal.dom.DeferredDocumentImpl::getPrevSibling (106 bytes)
Event: 240.029 Thread 0x0000022576e3c000 nmethod 9599 0x0000022568f4f990 code [0x0000022568f4fb40, 0x0000022568f4fe98]
Event: 240.029 Thread 0x0000022576e3c000 9542       4       java.lang.String::equals (65 bytes)
Event: 240.031 Thread 0x0000022576e3c000 nmethod 9542 0x0000022568f50290 code [0x0000022568f50420, 0x0000022568f506b8]
Event: 240.031 Thread 0x0000022576e3c000 9529       4       com.google.common.collect.LinkedListMultimap$ValueForKeyIterator::<init> (140 bytes)
Event: 240.044 Thread 0x0000022576e3d800 9624       2       com.google.common.base.Joiner::appendTo (73 bytes)
Event: 240.044 Thread 0x0000022576e3d800 nmethod 9624 0x00000225628ff310 code [0x00000225628ff560, 0x00000225628ff8f8]
Event: 240.051 Thread 0x000002257d82a000 nmethod 9617% 0x0000022568f50790 code [0x0000022568f50980, 0x0000022568f513c8]
Event: 240.052 Thread 0x000002257d82a000 9623 %     4       java.util.Properties::saveConvert @ 35 (434 bytes)
Event: 240.053 Thread 0x0000022576e3d800 9627       3       java.lang.invoke.DelegatingMethodHandle$Holder::reinvoke_L (18 bytes)
Event: 240.053 Thread 0x0000022576e3d800 nmethod 9627 0x00000225628ffb10 code [0x00000225628ffce0, 0x00000225629001d8]
Event: 240.053 Thread 0x0000022576e3d800 9628       3       java.lang.invoke.LambdaForm$MH/0x0000000100176840::invoke (240 bytes)
Event: 240.054 Thread 0x0000022576e3d800 nmethod 9628 0x0000022562900310 code [0x0000022562900600, 0x0000022562901cf8]

GC Heap History (20 events):
Event: 9.772 GC heap before
{Heap before GC invocations=9 (full 0):
 garbage-first heap   total 129024K, used 79630K [0x00000000a0000000, 0x0000000100000000)
  region size 1024K, 32 young (32768K), 4 survivors (4096K)
 Metaspace       used 58755K, capacity 60125K, committed 60160K, reserved 1101824K
  class space    used 7474K, capacity 7923K, committed 7936K, reserved 1048576K
}
Event: 9.776 GC heap after
{Heap after GC invocations=10 (full 0):
 garbage-first heap   total 129024K, used 52575K [0x00000000a0000000, 0x0000000100000000)
  region size 1024K, 4 young (4096K), 4 survivors (4096K)
 Metaspace       used 58755K, capacity 60125K, committed 60160K, reserved 1101824K
  class space    used 7474K, capacity 7923K, committed 7936K, reserved 1048576K
}
Event: 10.734 GC heap before
{Heap before GC invocations=11 (full 0):
 garbage-first heap   total 129024K, used 102751K [0x00000000a0000000, 0x0000000100000000)
  region size 1024K, 53 young (54272K), 4 survivors (4096K)
 Metaspace       used 63566K, capacity 65091K, committed 65408K, reserved 1105920K
  class space    used 8219K, capacity 8714K, committed 8832K, reserved 1048576K
}
Event: 10.742 GC heap after
{Heap after GC invocations=12 (full 0):
 garbage-first heap   total 129024K, used 55804K [0x00000000a0000000, 0x0000000100000000)
  region size 1024K, 7 young (7168K), 7 survivors (7168K)
 Metaspace       used 63566K, capacity 65091K, committed 65408K, reserved 1105920K
  class space    used 8219K, capacity 8714K, committed 8832K, reserved 1048576K
}
Event: 11.680 GC heap before
{Heap before GC invocations=12 (full 0):
 garbage-first heap   total 129024K, used 102908K [0x00000000a0000000, 0x0000000100000000)
  region size 1024K, 54 young (55296K), 7 survivors (7168K)
 Metaspace       used 65703K, capacity 67206K, committed 67328K, reserved 1107968K
  class space    used 8438K, capacity 8957K, committed 8960K, reserved 1048576K
}
Event: 11.694 GC heap after
{Heap after GC invocations=13 (full 0):
 garbage-first heap   total 129024K, used 62363K [0x00000000a0000000, 0x0000000100000000)
  region size 1024K, 7 young (7168K), 7 survivors (7168K)
 Metaspace       used 65703K, capacity 67206K, committed 67328K, reserved 1107968K
  class space    used 8438K, capacity 8957K, committed 8960K, reserved 1048576K
}
Event: 11.767 GC heap before
{Heap before GC invocations=13 (full 0):
 garbage-first heap   total 129024K, used 66459K [0x00000000a0000000, 0x0000000100000000)
  region size 1024K, 11 young (11264K), 7 survivors (7168K)
 Metaspace       used 65784K, capacity 67270K, committed 67328K, reserved 1107968K
  class space    used 8440K, capacity 8957K, committed 8960K, reserved 1048576K
}
Event: 11.778 GC heap after
{Heap after GC invocations=14 (full 0):
 garbage-first heap   total 129024K, used 66262K [0x00000000a0000000, 0x0000000100000000)
  region size 1024K, 3 young (3072K), 3 survivors (3072K)
 Metaspace       used 65784K, capacity 67270K, committed 67328K, reserved 1107968K
  class space    used 8440K, capacity 8957K, committed 8960K, reserved 1048576K
}
Event: 15.448 GC heap before
{Heap before GC invocations=15 (full 0):
 garbage-first heap   total 129024K, used 89814K [0x00000000a0000000, 0x0000000100000000)
  region size 1024K, 25 young (25600K), 3 survivors (3072K)
 Metaspace       used 67003K, capacity 68650K, committed 68736K, reserved 1110016K
  class space    used 8557K, capacity 9077K, committed 9088K, reserved 1048576K
}
Event: 15.454 GC heap after
{Heap after GC invocations=16 (full 0):
 garbage-first heap   total 129024K, used 65558K [0x00000000a0000000, 0x0000000100000000)
  region size 1024K, 3 young (3072K), 3 survivors (3072K)
 Metaspace       used 67003K, capacity 68650K, committed 68736K, reserved 1110016K
  class space    used 8557K, capacity 9077K, committed 9088K, reserved 1048576K
}
Event: 16.027 GC heap before
{Heap before GC invocations=16 (full 0):
 garbage-first heap   total 129024K, used 90134K [0x00000000a0000000, 0x0000000100000000)
  region size 1024K, 28 young (28672K), 3 survivors (3072K)
 Metaspace       used 68902K, capacity 70547K, committed 70784K, reserved 1110016K
  class space    used 8779K, capacity 9303K, committed 9344K, reserved 1048576K
}
Event: 16.034 GC heap after
{Heap after GC invocations=17 (full 0):
 garbage-first heap   total 129024K, used 67420K [0x00000000a0000000, 0x0000000100000000)
  region size 1024K, 3 young (3072K), 3 survivors (3072K)
 Metaspace       used 68902K, capacity 70547K, committed 70784K, reserved 1110016K
  class space    used 8779K, capacity 9303K, committed 9344K, reserved 1048576K
}
Event: 16.459 GC heap before
{Heap before GC invocations=18 (full 0):
 garbage-first heap   total 129024K, used 109404K [0x00000000a0000000, 0x0000000100000000)
  region size 1024K, 29 young (29696K), 3 survivors (3072K)
 Metaspace       used 69906K, capacity 71657K, committed 71808K, reserved 1112064K
  class space    used 8945K, capacity 9546K, committed 9600K, reserved 1048576K
}
Event: 16.463 GC heap after
{Heap after GC invocations=19 (full 0):
 garbage-first heap   total 129024K, used 67196K [0x00000000a0000000, 0x0000000100000000)
  region size 1024K, 2 young (2048K), 2 survivors (2048K)
 Metaspace       used 69906K, capacity 71657K, committed 71808K, reserved 1112064K
  class space    used 8945K, capacity 9546K, committed 9600K, reserved 1048576K
}
Event: 16.521 GC heap before
{Heap before GC invocations=19 (full 0):
 garbage-first heap   total 129024K, used 71292K [0x00000000a0000000, 0x0000000100000000)
  region size 1024K, 6 young (6144K), 2 survivors (2048K)
 Metaspace       used 70221K, capacity 71929K, committed 72064K, reserved 1112064K
  class space    used 9001K, capacity 9550K, committed 9600K, reserved 1048576K
}
Event: 16.525 GC heap after
{Heap after GC invocations=20 (full 0):
 garbage-first heap   total 129024K, used 66427K [0x00000000a0000000, 0x0000000100000000)
  region size 1024K, 1 young (1024K), 1 survivors (1024K)
 Metaspace       used 70221K, capacity 71929K, committed 72064K, reserved 1112064K
  class space    used 9001K, capacity 9550K, committed 9600K, reserved 1048576K
}
Event: 239.437 GC heap before
{Heap before GC invocations=20 (full 0):
 garbage-first heap   total 129024K, used 94075K [0x00000000a0000000, 0x0000000100000000)
  region size 1024K, 29 young (29696K), 1 survivors (1024K)
 Metaspace       used 73380K, capacity 75176K, committed 75392K, reserved 1114112K
  class space    used 9217K, capacity 9781K, committed 9856K, reserved 1048576K
}
Event: 239.448 GC heap after
{Heap after GC invocations=21 (full 0):
 garbage-first heap   total 129024K, used 69125K [0x00000000a0000000, 0x0000000100000000)
  region size 1024K, 4 young (4096K), 4 survivors (4096K)
 Metaspace       used 73380K, capacity 75176K, committed 75392K, reserved 1114112K
  class space    used 9217K, capacity 9781K, committed 9856K, reserved 1048576K
}
Event: 240.000 GC heap before
{Heap before GC invocations=22 (full 0):
 garbage-first heap   total 129024K, used 96773K [0x00000000a0000000, 0x0000000100000000)
  region size 1024K, 32 young (32768K), 4 survivors (4096K)
 Metaspace       used 73703K, capacity 75503K, committed 75648K, reserved 1116160K
  class space    used 9225K, capacity 9783K, committed 9856K, reserved 1048576K
}
Event: 240.011 GC heap after
{Heap after GC invocations=23 (full 0):
 garbage-first heap   total 129024K, used 74952K [0x00000000a0000000, 0x0000000100000000)
  region size 1024K, 4 young (4096K), 4 survivors (4096K)
 Metaspace       used 73703K, capacity 75503K, committed 75648K, reserved 1116160K
  class space    used 9225K, capacity 9783K, committed 9856K, reserved 1048576K
}

Deoptimization events (20 events):
Event: 239.931 Thread 0x00000225787e6800 Uncommon trap: trap_request=0xffffff4d fr.pc=0x0000022568e0acb0 relative=0x0000000000004630
Event: 239.931 Thread 0x00000225787e6800 Uncommon trap: reason=unstable_if action=reinterpret pc=0x0000022568e0acb0 method=com.android.utils.XmlUtils.append(Lcom/android/utils/XmlUtils$PositionAwareStringBuilder;Lorg/w3c/dom/Node;Ljava/util/Map;)V @ 26 c2
Event: 239.931 Thread 0x00000225787e6800 DEOPT PACKING pc=0x0000022568e0acb0 sp=0x0000003c6f2fc960
Event: 239.931 Thread 0x00000225787e6800 DEOPT UNPACKING pc=0x0000022560f478af sp=0x0000003c6f2fc968 mode 2
Event: 239.932 Thread 0x00000225787e6800 Uncommon trap: trap_request=0xffffff4d fr.pc=0x0000022568e03a00 relative=0x00000000000000c0
Event: 239.932 Thread 0x00000225787e6800 Uncommon trap: reason=unstable_if action=reinterpret pc=0x0000022568e03a00 method=com.sun.org.apache.xerces.internal.dom.NodeImpl.hasStringValue()Z @ 8 c2
Event: 239.932 Thread 0x00000225787e6800 DEOPT PACKING pc=0x0000022568e03a00 sp=0x0000003c6f2fc7c0
Event: 239.932 Thread 0x00000225787e6800 DEOPT UNPACKING pc=0x0000022560f478af sp=0x0000003c6f2fc680 mode 2
Event: 239.932 Thread 0x00000225787e6800 Uncommon trap: trap_request=0xffffff4d fr.pc=0x0000022568e046b4 relative=0x00000000000008d4
Event: 239.932 Thread 0x00000225787e6800 Uncommon trap: reason=unstable_if action=reinterpret pc=0x0000022568e046b4 method=com.sun.org.apache.xerces.internal.dom.NodeImpl.hasStringValue()Z @ 8 c2
Event: 239.932 Thread 0x00000225787e6800 DEOPT PACKING pc=0x0000022568e046b4 sp=0x0000003c6f2fc700
Event: 239.932 Thread 0x00000225787e6800 DEOPT UNPACKING pc=0x0000022560f478af sp=0x0000003c6f2fc680 mode 2
Event: 239.942 Thread 0x00000225787e6800 DEOPT PACKING pc=0x0000022562407b13 sp=0x0000003c6f2fc6e0
Event: 239.942 Thread 0x00000225787e6800 DEOPT UNPACKING pc=0x0000022560f476ce sp=0x0000003c6f2fbbb8 mode 0
Event: 239.969 Thread 0x00000225787e6800 DEOPT PACKING pc=0x000002256289cf17 sp=0x0000003c6f2fbad0
Event: 239.969 Thread 0x00000225787e6800 DEOPT UNPACKING pc=0x0000022560f476ce sp=0x0000003c6f2fb058 mode 0
Event: 239.970 Thread 0x00000225787e6800 DEOPT PACKING pc=0x000002256289cf17 sp=0x0000003c6f2fbae0
Event: 239.970 Thread 0x00000225787e6800 DEOPT UNPACKING pc=0x0000022560f476ce sp=0x0000003c6f2fb068 mode 0
Event: 239.970 Thread 0x00000225787e6800 DEOPT PACKING pc=0x000002256289cf17 sp=0x0000003c6f2fbae0
Event: 239.971 Thread 0x00000225787e6800 DEOPT UNPACKING pc=0x0000022560f476ce sp=0x0000003c6f2fb068 mode 0

Classes redefined (0 events):
No events

Internal exceptions (20 events):
Event: 239.304 Thread 0x0000022578f1b800 Exception <a 'sun/nio/fs/WindowsException'{0x00000000a6624408}> (0x00000000a6624408) thrown at [./src/hotspot/share/prims/jni.cpp, line 615]
Event: 239.304 Thread 0x0000022578f1b800 Exception <a 'sun/nio/fs/WindowsException'{0x00000000a6626218}> (0x00000000a6626218) thrown at [./src/hotspot/share/prims/jni.cpp, line 615]
Event: 239.304 Thread 0x0000022578f1b800 Exception <a 'sun/nio/fs/WindowsException'{0x00000000a6626298}> (0x00000000a6626298) thrown at [./src/hotspot/share/prims/jni.cpp, line 615]
Event: 239.305 Thread 0x0000022578f1b800 Exception <a 'sun/nio/fs/WindowsException'{0x00000000a6628a68}> (0x00000000a6628a68) thrown at [./src/hotspot/share/prims/jni.cpp, line 615]
Event: 239.305 Thread 0x0000022578f1b800 Exception <a 'sun/nio/fs/WindowsException'{0x00000000a6628ae8}> (0x00000000a6628ae8) thrown at [./src/hotspot/share/prims/jni.cpp, line 615]
Event: 239.305 Thread 0x0000022578f1b800 Exception <a 'sun/nio/fs/WindowsException'{0x00000000a662a940}> (0x00000000a662a940) thrown at [./src/hotspot/share/prims/jni.cpp, line 615]
Event: 239.305 Thread 0x0000022578f1b800 Exception <a 'sun/nio/fs/WindowsException'{0x00000000a662a9c0}> (0x00000000a662a9c0) thrown at [./src/hotspot/share/prims/jni.cpp, line 615]
Event: 239.306 Thread 0x0000022578f1b800 Exception <a 'sun/nio/fs/WindowsException'{0x00000000a662d378}> (0x00000000a662d378) thrown at [./src/hotspot/share/prims/jni.cpp, line 615]
Event: 239.306 Thread 0x0000022578f1b800 Exception <a 'sun/nio/fs/WindowsException'{0x00000000a662d3f8}> (0x00000000a662d3f8) thrown at [./src/hotspot/share/prims/jni.cpp, line 615]
Event: 239.306 Thread 0x0000022578f1b800 Exception <a 'sun/nio/fs/WindowsException'{0x00000000a662f2b0}> (0x00000000a662f2b0) thrown at [./src/hotspot/share/prims/jni.cpp, line 615]
Event: 239.306 Thread 0x0000022578f1b800 Exception <a 'sun/nio/fs/WindowsException'{0x00000000a662f330}> (0x00000000a662f330) thrown at [./src/hotspot/share/prims/jni.cpp, line 615]
Event: 239.307 Thread 0x0000022578f1b800 Exception <a 'sun/nio/fs/WindowsException'{0x00000000a6632ae8}> (0x00000000a6632ae8) thrown at [./src/hotspot/share/prims/jni.cpp, line 615]
Event: 239.307 Thread 0x0000022578f1b800 Exception <a 'sun/nio/fs/WindowsException'{0x00000000a6632b68}> (0x00000000a6632b68) thrown at [./src/hotspot/share/prims/jni.cpp, line 615]
Event: 239.308 Thread 0x0000022578f1b800 Exception <a 'sun/nio/fs/WindowsException'{0x00000000a66349c0}> (0x00000000a66349c0) thrown at [./src/hotspot/share/prims/jni.cpp, line 615]
Event: 239.308 Thread 0x0000022578f1b800 Exception <a 'sun/nio/fs/WindowsException'{0x00000000a6634a40}> (0x00000000a6634a40) thrown at [./src/hotspot/share/prims/jni.cpp, line 615]
Event: 239.308 Thread 0x0000022578f1b800 Exception <a 'sun/nio/fs/WindowsException'{0x00000000a66371b0}> (0x00000000a66371b0) thrown at [./src/hotspot/share/prims/jni.cpp, line 615]
Event: 239.308 Thread 0x0000022578f1b800 Exception <a 'sun/nio/fs/WindowsException'{0x00000000a6637230}> (0x00000000a6637230) thrown at [./src/hotspot/share/prims/jni.cpp, line 615]
Event: 239.308 Thread 0x0000022578f1b800 Exception <a 'sun/nio/fs/WindowsException'{0x00000000a66390e8}> (0x00000000a66390e8) thrown at [./src/hotspot/share/prims/jni.cpp, line 615]
Event: 239.309 Thread 0x0000022578f1b800 Exception <a 'sun/nio/fs/WindowsException'{0x00000000a6639168}> (0x00000000a6639168) thrown at [./src/hotspot/share/prims/jni.cpp, line 615]
Event: 239.310 Thread 0x0000022578f1b800 Exception <a 'sun/nio/fs/WindowsException'{0x00000000a663c680}> (0x00000000a663c680) thrown at [./src/hotspot/share/prims/jni.cpp, line 615]

Events (20 events):
Event: 239.848 loading class org/xml/sax/ext/DeclHandler done
Event: 239.848 loading class org/xml/sax/ext/DefaultHandler2 done
Event: 239.851 loading class com/sun/org/apache/xerces/internal/dom/ParentNode$UserDataRecord
Event: 239.851 loading class com/sun/org/apache/xerces/internal/dom/ParentNode$UserDataRecord done
Event: 239.851 loading class com/sun/org/apache/xerces/internal/util/EntityResolver2Wrapper
Event: 239.852 loading class com/sun/org/apache/xerces/internal/util/EntityResolver2Wrapper done
Event: 239.852 loading class com/android/utils/PositionXmlParser$Position
Event: 239.852 loading class com/android/utils/PositionXmlParser$Position done
Event: 239.869 Executing VM operation: ICBufferFull
Event: 239.870 Executing VM operation: ICBufferFull done
Event: 239.910 loading class com/google/common/collect/AbstractMapBasedMultimap$WrappedList$WrappedListIterator
Event: 239.910 loading class com/google/common/collect/AbstractMapBasedMultimap$WrappedList$WrappedListIterator done
Event: 239.910 Executing VM operation: Deoptimize
Event: 239.912 Executing VM operation: Deoptimize done
Event: 239.913 loading class com/sun/org/apache/xerces/internal/dom/DOMImplementationImpl
Event: 239.916 loading class com/sun/org/apache/xerces/internal/dom/DOMImplementationImpl done
Event: 239.916 loading class com/sun/org/apache/xerces/internal/dom/DeferredDOMImplementationImpl
Event: 239.916 loading class com/sun/org/apache/xerces/internal/dom/DeferredDOMImplementationImpl done
Event: 240.000 Executing VM operation: G1CollectForAllocation
Event: 240.011 Executing VM operation: G1CollectForAllocation done


Dynamic libraries:
0x00007ff697670000 - 0x00007ff69767a000 	D:\Program Files\Android\Android Studio\jre\bin\java.exe
0x00007ffaf83c0000 - 0x00007ffaf85b0000 	C:\WINDOWS\SYSTEM32\ntdll.dll
0x00007ffaf7260000 - 0x00007ffaf7312000 	C:\WINDOWS\System32\KERNEL32.DLL
0x00007ffaf5e90000 - 0x00007ffaf6135000 	C:\WINDOWS\System32\KERNELBASE.dll
0x00007ffaf5330000 - 0x00007ffaf542a000 	C:\WINDOWS\System32\ucrtbase.dll
0x00007ffacc7b0000 - 0x00007ffacc7c9000 	D:\Program Files\Android\Android Studio\jre\bin\jli.dll
0x00007ffaf70c0000 - 0x00007ffaf7254000 	C:\WINDOWS\System32\USER32.dll
0x00007ffaf5db0000 - 0x00007ffaf5dd1000 	C:\WINDOWS\System32\win32u.dll
0x00007ffaf4760000 - 0x00007ffaf49e4000 	C:\WINDOWS\WinSxS\amd64_microsoft.windows.common-controls_6595b64144ccf1df_6.0.18362.1556_none_9e7e372fe45e41d5\COMCTL32.dll
0x00007ffaf6c60000 - 0x00007ffaf6c86000 	C:\WINDOWS\System32\GDI32.dll
0x00007ffaf62d0000 - 0x00007ffaf6468000 	C:\WINDOWS\System32\gdi32full.dll
0x00007ffaf7f00000 - 0x00007ffaf7f9e000 	C:\WINDOWS\System32\msvcrt.dll
0x00007ffaf5d10000 - 0x00007ffaf5dae000 	C:\WINDOWS\System32\msvcp_win.dll
0x00007ffaf73c0000 - 0x00007ffaf76f6000 	C:\WINDOWS\System32\combase.dll
0x00007ffaf6fa0000 - 0x00007ffaf70bf000 	C:\WINDOWS\System32\RPCRT4.dll
0x00007ffaf6220000 - 0x00007ffaf62a1000 	C:\WINDOWS\System32\bcryptPrimitives.dll
0x00007ffacc790000 - 0x00007ffacc7a7000 	D:\Program Files\Android\Android Studio\jre\bin\VCRUNTIME140.dll
0x00007ffaf7ed0000 - 0x00007ffaf7efe000 	C:\WINDOWS\System32\IMM32.DLL
0x00007ffac6060000 - 0x00007ffac60fd000 	D:\Program Files\Android\Android Studio\jre\bin\msvcp140.dll
0x00007ffa96150000 - 0x00007ffa96c1f000 	D:\Program Files\Android\Android Studio\jre\bin\server\jvm.dll
0x00007ffaf8220000 - 0x00007ffaf82c3000 	C:\WINDOWS\System32\ADVAPI32.dll
0x00007ffaf7320000 - 0x00007ffaf73b7000 	C:\WINDOWS\System32\sechost.dll
0x00007ffaf6bf0000 - 0x00007ffaf6bf8000 	C:\WINDOWS\System32\PSAPI.DLL
0x00007ffade4a0000 - 0x00007ffade4a9000 	C:\WINDOWS\SYSTEM32\WSOCK32.dll
0x00007ffaed410000 - 0x00007ffaed41a000 	C:\WINDOWS\SYSTEM32\VERSION.dll
0x00007ffaf1880000 - 0x00007ffaf18a4000 	C:\WINDOWS\SYSTEM32\WINMM.dll
0x00007ffaf6dd0000 - 0x00007ffaf6e3f000 	C:\WINDOWS\System32\WS2_32.dll
0x00007ffaf16c0000 - 0x00007ffaf16ed000 	C:\WINDOWS\SYSTEM32\winmmbase.dll
0x00007ffaf5e40000 - 0x00007ffaf5e8a000 	C:\WINDOWS\System32\cfgmgr32.dll
0x00007ffaf5280000 - 0x00007ffaf5291000 	C:\WINDOWS\System32\kernel.appcore.dll
0x00007ffae0c30000 - 0x00007ffae0c41000 	D:\Program Files\Android\Android Studio\jre\bin\verify.dll
0x00007ffaf4d40000 - 0x00007ffaf4f34000 	C:\WINDOWS\SYSTEM32\DBGHELP.DLL
0x00007ffaf4c90000 - 0x00007ffaf4cba000 	C:\WINDOWS\SYSTEM32\dbgcore.DLL
0x00007ffad1b40000 - 0x00007ffad1b69000 	D:\Program Files\Android\Android Studio\jre\bin\java.dll
0x00007ffadf420000 - 0x00007ffadf42b000 	D:\Program Files\Android\Android Studio\jre\bin\jimage.dll
0x00007ffad3fb0000 - 0x00007ffad3fc8000 	D:\Program Files\Android\Android Studio\jre\bin\zip.dll
0x00007ffaf7700000 - 0x00007ffaf7de7000 	C:\WINDOWS\System32\SHELL32.dll
0x00007ffaf7fa0000 - 0x00007ffaf8048000 	C:\WINDOWS\System32\shcore.dll
0x00007ffaf5430000 - 0x00007ffaf5bab000 	C:\WINDOWS\System32\windows.storage.dll
0x00007ffaf5310000 - 0x00007ffaf532e000 	C:\WINDOWS\System32\profapi.dll
0x00007ffaf52c0000 - 0x00007ffaf530a000 	C:\WINDOWS\System32\powrprof.dll
0x00007ffaf5270000 - 0x00007ffaf5280000 	C:\WINDOWS\System32\UMPDC.dll
0x00007ffaf6c00000 - 0x00007ffaf6c52000 	C:\WINDOWS\System32\shlwapi.dll
0x00007ffaf62b0000 - 0x00007ffaf62c7000 	C:\WINDOWS\System32\cryptsp.dll
0x00007ffad2f30000 - 0x00007ffad2f4a000 	D:\Program Files\Android\Android Studio\jre\bin\net.dll
0x00007ffaf1d60000 - 0x00007ffaf1e5a000 	C:\WINDOWS\SYSTEM32\WINHTTP.dll
0x00007ffaf4380000 - 0x00007ffaf43e7000 	C:\WINDOWS\system32\mswsock.dll
0x00007ffad15d0000 - 0x00007ffad15e4000 	D:\Program Files\Android\Android Studio\jre\bin\nio.dll
0x00007ffad2110000 - 0x00007ffad212e000 	C:\Users\HL\.gradle\native\25\windows-amd64\native-platform.dll
0x00007ffad3720000 - 0x00007ffad372a000 	D:\Program Files\Android\Android Studio\jre\bin\management.dll
0x00007ffad1b30000 - 0x00007ffad1b3c000 	D:\Program Files\Android\Android Studio\jre\bin\management_ext.dll
0x00007ffaf3f10000 - 0x00007ffaf3f43000 	C:\WINDOWS\system32\rsaenh.dll
0x00007ffaf61f0000 - 0x00007ffaf6216000 	C:\WINDOWS\System32\bcrypt.dll
0x00007ffaf5160000 - 0x00007ffaf5185000 	C:\WINDOWS\SYSTEM32\USERENV.dll
0x00007ffaf4500000 - 0x00007ffaf450c000 	C:\WINDOWS\SYSTEM32\CRYPTBASE.dll
0x00007ffaf40a0000 - 0x00007ffaf40da000 	C:\WINDOWS\SYSTEM32\IPHLPAPI.DLL
0x00007ffaf6a30000 - 0x00007ffaf6a38000 	C:\WINDOWS\System32\NSI.dll
0x00007ffaeccc0000 - 0x00007ffaeccd6000 	C:\WINDOWS\SYSTEM32\dhcpcsvc6.DLL
0x00007ffaecb70000 - 0x00007ffaecb8c000 	C:\WINDOWS\SYSTEM32\dhcpcsvc.DLL
0x00007ffaf40e0000 - 0x00007ffaf41ab000 	C:\WINDOWS\SYSTEM32\DNSAPI.dll

dbghelp: loaded successfully - version: 4.0.5 - missing functions: none
symbol engine: initialized successfully - sym options: 0x614 - pdb path: .;D:\Program Files\Android\Android Studio\jre\bin;C:\WINDOWS\SYSTEM32;C:\WINDOWS\WinSxS\amd64_microsoft.windows.common-controls_6595b64144ccf1df_6.0.18362.1556_none_9e7e372fe45e41d5;D:\Program Files\Android\Android Studio\jre\bin\server;C:\Users\HL\.gradle\native\25\windows-amd64

VM Arguments:
jvm_args: -Xmx1536m -Dfile.encoding=GBK -Duser.country=CN -Duser.language=zh -Duser.variant 
java_command: org.gradle.launcher.daemon.bootstrap.GradleDaemon 4.8
java_class_path (initial): C:\Users\HL\.gradle\wrapper\dists\gradle-4.8-bin\divx0s2uj4thofgytb7gf9fsi\gradle-4.8\lib\gradle-launcher-4.8.jar
Launcher Type: SUN_STANDARD

[Global flags]
     intx CICompilerCount                          = 4                                         {product} {ergonomic}
     uint ConcGCThreads                            = 2                                         {product} {ergonomic}
     uint G1ConcRefinementThreads                  = 8                                         {product} {ergonomic}
   size_t G1HeapRegionSize                         = 1048576                                   {product} {ergonomic}
    uintx GCDrainStackTargetSize                   = 64                                        {product} {ergonomic}
   size_t InitialHeapSize                          = 132120576                                 {product} {ergonomic}
   size_t MarkStackSize                            = 4194304                                   {product} {ergonomic}
   size_t MaxHeapSize                              = 1610612736                                {product} {command line}
   size_t MaxNewSize                               = 965738496                                 {product} {ergonomic}
   size_t MinHeapDeltaBytes                        = 1048576                                   {product} {ergonomic}
    uintx NonNMethodCodeHeapSize                   = 5836300                                {pd product} {ergonomic}
    uintx NonProfiledCodeHeapSize                  = 122910970                              {pd product} {ergonomic}
    uintx ProfiledCodeHeapSize                     = 122910970                              {pd product} {ergonomic}
    uintx ReservedCodeCacheSize                    = 251658240                              {pd product} {ergonomic}
     bool SegmentedCodeCache                       = true                                      {product} {ergonomic}
     bool UseCompressedClassPointers               = true                                 {lp64_product} {ergonomic}
     bool UseCompressedOops                        = true                                 {lp64_product} {ergonomic}
     bool UseG1GC                                  = true                                      {product} {ergonomic}
     bool UseLargePagesIndividualAllocation        = false                                  {pd product} {ergonomic}

Logging:
Log output configuration:
 #0: stdout all=warning uptime,level,tags
 #1: stderr all=off uptime,level,tags

Environment Variables:
JAVA_HOME=D:\Program Files\Java\jdk1.8.0_301
CLASSPATH=.;D:\Program Files\Java\jdk1.8.0_301\lib\dt.jar;D:\Program Files\Java\jdk1.8.0_301\lib\tools.jar; 
PATH=D:\Program\NetSarang\Xshell 6\;C:\Program Files (x86)\Common Files\Oracle\Java\javapath;C:\Program Files (x86)\Intel\iCLS Client\;C:\Program Files\Intel\iCLS Client\;C:\WINDOWS\system32;C:\WINDOWS;C:\WINDOWS\System32\Wbem;C:\WINDOWS\System32\WindowsPowerShell\v1.0\;C:\Program Files (x86)\Intel\Intel(R) Management Engine Components\DAL;C:\Program Files\Intel\Intel(R) Management Engine Components\DAL;C:\Program Files (x86)\Intel\Intel(R) Management Engine Components\IPT;C:\Program Files\Intel\Intel(R) Management Engine Components\IPT;D:\Programs\Python\Python37\;D:\Program\PuTTY\;C:\Program Files\Intel\WiFi\bin\;C:\Program Files\Common Files\Intel\WirelessCommon\;D:\Program Files\nodejs\;D:\Program\Appium;D:\Program\Appium\node_modules\.bin\;D:\Programs\Python\Python37\Scripts;D:\android-sdk\sdk\sdk\tools;D:\android-sdk\sdk\platform-tools;D:\android-sdk\sdk\build-tools\android-4.4W;C:\WINDOWS\System32\OpenSSH\;C:\Program Files\dotnet\;D:\Program\Git\cmd;D:\Program Files\Java\jdk1.8.0_301\bin;D:\Program Files\Java\jdk1.8.0_301\jre\bin;C:\ProgramData\chocolatey\bin;D:\Program Files\allure-commandline-2.12.1\allure-2.12.1\bin;D:\chromedriver\chromedriver_win32;D:\Program\jq\;D:\android-sdk\sdk\emulator;D:\down\scrcpy-win64-v1.18;D:\Program\Python\Python39-32\Scripts\;D:\Program\Python\Python39-32\;D:\Python\Python39-32\Scripts\;D:\Python\Python39-32\;D:\Programs\Python\Python37\Scripts\;D:\Programs\Python\Python37\;C:\Users\HL\AppData\Local\Microsoft\WindowsApps;C:\Program Files\Intel\WiFi\bin\;C:\Program Files\Common Files\Intel\WirelessCommon\;D:\Program Files\JetBrains\PyCharm Community Edition 2020.2.3\bin;;d:\Program Files\Docker Toolbox;C:\Users\HL\AppData\Roaming\npm;D:\Program Files\JetBrains\PyCharm 2020.2.3\bin;;C:\Users\HL\AppData\Local\GitHubDesktop\bin
USERNAME=HL
OS=Windows_NT
PROCESSOR_IDENTIFIER=Intel64 Family 6 Model 142 Stepping 10, GenuineIntel



---------------  S Y S T E M  ---------------

OS: Windows 10 , 64 bit Build 18362 (10.0.18362.1500)
OS uptime: 6 days 13:19 hours
Hyper-V role detected

CPU:total 8 (initial active 8) (4 cores per cpu, 2 threads per core) family 6 model 142 stepping 10 microcode 0xe0, cmov, cx8, fxsr, mmx, sse, sse2, sse3, ssse3, sse4.1, sse4.2, popcnt, avx, avx2, aes, clmul, erms, 3dnowpref, lzcnt, ht, tsc, tscinvbit, bmi1, bmi2, adx, fma

Memory: 4k page, system-wide physical 8025M (974M free)
TotalPageFile size 16729M (AvailPageFile size 5900M)
current process WorkingSet (physical memory assigned to process): 332M, peak: 334M
current process commit charge ("private bytes"): 369M, peak: 371M

vm_info: OpenJDK 64-Bit Server VM (11.0.10+0-b96-7249189) for windows-amd64 JRE (11.0.10+0-b96-7249189), built on Mar 31 2021 21:44:00 by "builder" with MS VC++ 14.0 (VS2015)

END.
